<?xml version="1.0" encoding="UTF-8"?>
<testng-results skipped="0" failed="0" total="2" passed="2">
  <reporter-output>
  </reporter-output>
  <suite name="Suite" duration-ms="22824" started-at="2021-12-27T13:28:51Z" finished-at="2021-12-27T13:29:14Z">
    <groups>
    </groups>
    <test name="Test" duration-ms="22824" started-at="2021-12-27T13:28:51Z" finished-at="2021-12-27T13:29:14Z">
      <class name="com.CTS.sampleproject.CheckItemInShoppingCart">
        <test-method status="PASS" signature="startUp()[pri:0, instance:com.CTS.sampleproject.CheckItemInShoppingCart@2f7c7260]" name="startUp" is-config="true" duration-ms="7609" started-at="2021-12-27T08:28:51Z" finished-at="2021-12-27T08:28:58Z">
          <reporter-output>
          </reporter-output>
        </test-method> <!-- startUp -->
        <test-method status="PASS" signature="validateItemsInCart()[pri:0, instance:com.CTS.sampleproject.CheckItemInShoppingCart@2f7c7260]" name="validateItemsInCart" duration-ms="609" started-at="2021-12-27T08:28:58Z" finished-at="2021-12-27T08:28:59Z">
          <reporter-output>
          </reporter-output>
        </test-method> <!-- validateItemsInCart -->
        <test-method status="PASS" signature="tearDown()[pri:0, instance:com.CTS.sampleproject.CheckItemInShoppingCart@2f7c7260]" name="tearDown" is-config="true" duration-ms="9667" started-at="2021-12-27T08:28:59Z" finished-at="2021-12-27T08:29:09Z">
          <reporter-output>
          </reporter-output>
        </test-method> <!-- tearDown -->
      </class> <!-- com.CTS.sampleproject.CheckItemInShoppingCart -->
      <class name="com.CTS.sampleproject.LoginToDemoWebShop">
        <test-method status="PASS" signature="loginToDemoWebShop()[pri:0, instance:com.CTS.sampleproject.LoginToDemoWebShop@2d209079]" name="loginToDemoWebShop" duration-ms="4924" started-at="2021-12-27T08:29:09Z" finished-at="2021-12-27T08:29:14Z">
          <reporter-output>
          </reporter-output>
        </test-method> <!-- loginToDemoWebShop -->
      </class> <!-- com.CTS.sampleproject.LoginToDemoWebShop -->
    </test> <!-- Test -->
  </suite> <!-- Suite -->
</testng-results>
