<?xml version="1.0" encoding="UTF-8"?>
<testng-results skipped="0" failed="0" total="2" passed="2">
  <reporter-output>
  </reporter-output>
  <suite name="Suite" duration-ms="20603" started-at="2021-12-26T23:43:04Z" finished-at="2021-12-26T23:43:24Z">
    <groups>
    </groups>
    <test name="Test" duration-ms="20603" started-at="2021-12-26T23:43:04Z" finished-at="2021-12-26T23:43:24Z">
      <class name="com.CTS.sampleproject.CheckItemInShoppingCart">
        <test-method status="PASS" signature="startUp()[pri:0, instance:com.CTS.sampleproject.CheckItemInShoppingCart@1b0375b3]" name="startUp" is-config="true" duration-ms="5170" started-at="2021-12-26T18:43:04Z" finished-at="2021-12-26T18:43:09Z">
          <reporter-output>
          </reporter-output>
        </test-method> <!-- startUp -->
        <test-method status="PASS" signature="validateItemsInCart()[pri:0, instance:com.CTS.sampleproject.CheckItemInShoppingCart@1b0375b3]" name="validateItemsInCart" duration-ms="605" started-at="2021-12-26T18:43:09Z" finished-at="2021-12-26T18:43:09Z">
          <reporter-output>
          </reporter-output>
        </test-method> <!-- validateItemsInCart -->
        <test-method status="PASS" signature="tearDown()[pri:0, instance:com.CTS.sampleproject.CheckItemInShoppingCart@1b0375b3]" name="tearDown" is-config="true" duration-ms="9655" started-at="2021-12-26T18:43:09Z" finished-at="2021-12-26T18:43:19Z">
          <reporter-output>
          </reporter-output>
        </test-method> <!-- tearDown -->
      </class> <!-- com.CTS.sampleproject.CheckItemInShoppingCart -->
      <class name="com.CTS.sampleproject.LoginToDemoWebShop">
        <test-method status="PASS" signature="loginToDemoWebShop()[pri:0, instance:com.CTS.sampleproject.LoginToDemoWebShop@2f7c7260]" name="loginToDemoWebShop" duration-ms="5162" started-at="2021-12-26T18:43:19Z" finished-at="2021-12-26T18:43:24Z">
          <reporter-output>
          </reporter-output>
        </test-method> <!-- loginToDemoWebShop -->
      </class> <!-- com.CTS.sampleproject.LoginToDemoWebShop -->
    </test> <!-- Test -->
  </suite> <!-- Suite -->
</testng-results>
